<?xml version="1.0" encoding="UTF-8"?>
<!-- Generated by org.testng.reporters.JUnitReportReporter -->
<testsuite skipped="0" hostname="Narayan-PC" name="com.employeeapi.testcases.TC001_Get_All_Emplyees" tests="9" failures="0" timestamp="06 Aug 2019 00:55:53 GMT" time="4.358" errors="1">
  <testcase name="checkContentLength" time="0.016" classname="com.employeeapi.testcases.TC001_Get_All_Emplyees">
    <error type="java.lang.NumberFormatException" message="null">
      <![CDATA[java.lang.NumberFormatException: null
at java.lang.Integer.parseInt(Unknown Source)
at java.lang.Integer.parseInt(Unknown Source)
at com.employeeapi.testcases.TC001_Get_All_Emplyees.checkContentLength(TC001_Get_All_Emplyees.java:98)
at sun.reflect.NativeMethodAccessorImpl.invoke0(Native Method)
at sun.reflect.NativeMethodAccessorImpl.invoke(Unknown Source)
at sun.reflect.DelegatingMethodAccessorImpl.invoke(Unknown Source)
at java.lang.reflect.Method.invoke(Unknown Source)
at org.testng.internal.MethodInvocationHelper.invokeMethod(MethodInvocationHelper.java:124)
at org.testng.internal.Invoker.invokeMethod(Invoker.java:583)
at org.testng.internal.Invoker.invokeTestMethod(Invoker.java:719)
at org.testng.internal.Invoker.invokeTestMethods(Invoker.java:989)
at org.testng.internal.TestMethodWorker.invokeTestMethods(TestMethodWorker.java:125)
at org.testng.internal.TestMethodWorker.run(TestMethodWorker.java:109)
at org.testng.TestRunner.privateRun(TestRunner.java:648)
at org.testng.TestRunner.run(TestRunner.java:505)
at org.testng.SuiteRunner.runTest(SuiteRunner.java:455)
at org.testng.SuiteRunner.runSequentially(SuiteRunner.java:450)
at org.testng.SuiteRunner.privateRun(SuiteRunner.java:415)
at org.testng.SuiteRunner.run(SuiteRunner.java:364)
at org.testng.SuiteRunnerWorker.runSuite(SuiteRunnerWorker.java:52)
at org.testng.SuiteRunnerWorker.run(SuiteRunnerWorker.java:84)
at org.testng.TestNG.runSuitesSequentially(TestNG.java:1208)
at org.testng.TestNG.runSuitesLocally(TestNG.java:1137)
at org.testng.TestNG.runSuites(TestNG.java:1049)
at org.testng.TestNG.run(TestNG.java:1017)
at org.testng.remote.AbstractRemoteTestNG.run(AbstractRemoteTestNG.java:114)
at org.testng.remote.RemoteTestNG.initAndRun(RemoteTestNG.java:251)
at org.testng.remote.RemoteTestNG.main(RemoteTestNG.java:77)
]]>
    </error>
  </testcase> <!-- checkContentLength -->
  <testcase name="checkContentType" time="0.010" classname="com.employeeapi.testcases.TC001_Get_All_Emplyees"/>
  <testcase name="checkResponseTime" time="0.007" classname="com.employeeapi.testcases.TC001_Get_All_Emplyees"/>
  <testcase name="checkStatusCode" time="0.022" classname="com.employeeapi.testcases.TC001_Get_All_Emplyees"/>
  <testcase name="checkStatusLine" time="0.007" classname="com.employeeapi.testcases.TC001_Get_All_Emplyees"/>
  <testcase name="checkCookies" time="0.046" classname="com.employeeapi.testcases.TC001_Get_All_Emplyees"/>
  <testcase name="checkServerType" time="0.006" classname="com.employeeapi.testcases.TC001_Get_All_Emplyees"/>
  <testcase name="checkResponseBody" time="3.848" classname="com.employeeapi.testcases.TC001_Get_All_Emplyees"/>
  <testcase name="checkContentEncoding" time="0.396" classname="com.employeeapi.testcases.TC001_Get_All_Emplyees"/>
</testsuite> <!-- com.employeeapi.testcases.TC001_Get_All_Emplyees -->
